The system is: Darwin - 16.7.0 - x86_64
Compiling the C compiler identification source file "CMakeCCompilerId.c" succeeded.
Compiler: /Applications/Xcode.app/Contents/Developer/Toolchains/XcodeDefault.xctoolchain/usr/bin/cc 
Build flags: 
Id flags: 

The output was:
0


Compilation of the C compiler identification source "CMakeCCompilerId.c" produced "a.out"

The C compiler identification is AppleClang, found in "/Users/rossknapman/Documents/Employment/SummerPlacements/Summer2018/SkyrmionsInternship/FieldSimulation/MuDip/build/temp.macosx-10.12-x86_64-3.4/CMakeFiles/3.5.2/CompilerIdC/a.out"

Compiling the CXX compiler identification source file "CMakeCXXCompilerId.cpp" succeeded.
Compiler: /Applications/Xcode.app/Contents/Developer/Toolchains/XcodeDefault.xctoolchain/usr/bin/c++ 
Build flags: ;-DVERSION_INFO=\"0.0.0\"
Id flags: 

The output was:
0
In file included from <built-in>:337:
<command line>:1:23: warning: missing terminating '"' character [-Winvalid-pp-token]
#define VERSION_INFO \"0.0.0\"
                      ^
1 warning generated.


Compilation of the CXX compiler identification source "CMakeCXXCompilerId.cpp" produced "a.out"

The CXX compiler identification is AppleClang, found in "/Users/rossknapman/Documents/Employment/SummerPlacements/Summer2018/SkyrmionsInternship/FieldSimulation/MuDip/build/temp.macosx-10.12-x86_64-3.4/CMakeFiles/3.5.2/CompilerIdCXX/a.out"

Determining if the C compiler works passed with the following output:
Change Dir: /Users/rossknapman/Documents/Employment/SummerPlacements/Summer2018/SkyrmionsInternship/FieldSimulation/MuDip/build/temp.macosx-10.12-x86_64-3.4/CMakeFiles/CMakeTmp

Run Build Command:"/opt/local/bin/gmake" "cmTC_52b18/fast"
/opt/local/bin/gmake -f CMakeFiles/cmTC_52b18.dir/build.make CMakeFiles/cmTC_52b18.dir/build
gmake[1]: Entering directory '/Users/rossknapman/Documents/Employment/SummerPlacements/Summer2018/SkyrmionsInternship/FieldSimulation/MuDip/build/temp.macosx-10.12-x86_64-3.4/CMakeFiles/CMakeTmp'
Building C object CMakeFiles/cmTC_52b18.dir/testCCompiler.c.o
/Applications/Xcode.app/Contents/Developer/Toolchains/XcodeDefault.xctoolchain/usr/bin/cc     -o CMakeFiles/cmTC_52b18.dir/testCCompiler.c.o   -c /Users/rossknapman/Documents/Employment/SummerPlacements/Summer2018/SkyrmionsInternship/FieldSimulation/MuDip/build/temp.macosx-10.12-x86_64-3.4/CMakeFiles/CMakeTmp/testCCompiler.c
Linking C executable cmTC_52b18
/usr/local/Cellar/cmake/3.5.2/bin/cmake -E cmake_link_script CMakeFiles/cmTC_52b18.dir/link.txt --verbose=1
/Applications/Xcode.app/Contents/Developer/Toolchains/XcodeDefault.xctoolchain/usr/bin/cc    -Wl,-search_paths_first -Wl,-headerpad_max_install_names   CMakeFiles/cmTC_52b18.dir/testCCompiler.c.o  -o cmTC_52b18  
gmake[1]: Leaving directory '/Users/rossknapman/Documents/Employment/SummerPlacements/Summer2018/SkyrmionsInternship/FieldSimulation/MuDip/build/temp.macosx-10.12-x86_64-3.4/CMakeFiles/CMakeTmp'


Detecting C compiler ABI info compiled with the following output:
Change Dir: /Users/rossknapman/Documents/Employment/SummerPlacements/Summer2018/SkyrmionsInternship/FieldSimulation/MuDip/build/temp.macosx-10.12-x86_64-3.4/CMakeFiles/CMakeTmp

Run Build Command:"/opt/local/bin/gmake" "cmTC_169d4/fast"
/opt/local/bin/gmake -f CMakeFiles/cmTC_169d4.dir/build.make CMakeFiles/cmTC_169d4.dir/build
gmake[1]: Entering directory '/Users/rossknapman/Documents/Employment/SummerPlacements/Summer2018/SkyrmionsInternship/FieldSimulation/MuDip/build/temp.macosx-10.12-x86_64-3.4/CMakeFiles/CMakeTmp'
Building C object CMakeFiles/cmTC_169d4.dir/CMakeCCompilerABI.c.o
/Applications/Xcode.app/Contents/Developer/Toolchains/XcodeDefault.xctoolchain/usr/bin/cc     -o CMakeFiles/cmTC_169d4.dir/CMakeCCompilerABI.c.o   -c /usr/local/Cellar/cmake/3.5.2/share/cmake/Modules/CMakeCCompilerABI.c
Linking C executable cmTC_169d4
/usr/local/Cellar/cmake/3.5.2/bin/cmake -E cmake_link_script CMakeFiles/cmTC_169d4.dir/link.txt --verbose=1
/Applications/Xcode.app/Contents/Developer/Toolchains/XcodeDefault.xctoolchain/usr/bin/cc    -Wl,-search_paths_first -Wl,-headerpad_max_install_names  -v -Wl,-v CMakeFiles/cmTC_169d4.dir/CMakeCCompilerABI.c.o  -o cmTC_169d4   
Apple LLVM version 8.0.0 (clang-800.0.38)
Target: x86_64-apple-darwin16.7.0
Thread model: posix
InstalledDir: /Applications/Xcode.app/Contents/Developer/Toolchains/XcodeDefault.xctoolchain/usr/bin
 "/Applications/Xcode.app/Contents/Developer/Toolchains/XcodeDefault.xctoolchain/usr/bin/ld" -demangle -dynamic -arch x86_64 -macosx_version_min 10.12.0 -o cmTC_169d4 -search_paths_first -headerpad_max_install_names -v CMakeFiles/cmTC_169d4.dir/CMakeCCompilerABI.c.o -lSystem /Applications/Xcode.app/Contents/Developer/Toolchains/XcodeDefault.xctoolchain/usr/bin/../lib/clang/8.0.0/lib/darwin/libclang_rt.osx.a
@(#)PROGRAM:ld  PROJECT:ld64-274.1
configured to support archs: armv6 armv7 armv7s arm64 i386 x86_64 x86_64h armv6m armv7k armv7m armv7em (tvOS)
Library search paths:
	/usr/lib
	/usr/local/lib
Framework search paths:
	/Library/Frameworks/
	/System/Library/Frameworks/
gmake[1]: Leaving directory '/Users/rossknapman/Documents/Employment/SummerPlacements/Summer2018/SkyrmionsInternship/FieldSimulation/MuDip/build/temp.macosx-10.12-x86_64-3.4/CMakeFiles/CMakeTmp'


Parsed C implicit link information from above output:
  link line regex: [^( *|.*[/\])(ld|([^/\]+-)?ld|collect2)[^/\]*( |$)]
  ignore line: [Change Dir: /Users/rossknapman/Documents/Employment/SummerPlacements/Summer2018/SkyrmionsInternship/FieldSimulation/MuDip/build/temp.macosx-10.12-x86_64-3.4/CMakeFiles/CMakeTmp]
  ignore line: []
  ignore line: [Run Build Command:"/opt/local/bin/gmake" "cmTC_169d4/fast"]
  ignore line: [/opt/local/bin/gmake -f CMakeFiles/cmTC_169d4.dir/build.make CMakeFiles/cmTC_169d4.dir/build]
  ignore line: [gmake[1]: Entering directory '/Users/rossknapman/Documents/Employment/SummerPlacements/Summer2018/SkyrmionsInternship/FieldSimulation/MuDip/build/temp.macosx-10.12-x86_64-3.4/CMakeFiles/CMakeTmp']
  ignore line: [Building C object CMakeFiles/cmTC_169d4.dir/CMakeCCompilerABI.c.o]
  ignore line: [/Applications/Xcode.app/Contents/Developer/Toolchains/XcodeDefault.xctoolchain/usr/bin/cc     -o CMakeFiles/cmTC_169d4.dir/CMakeCCompilerABI.c.o   -c /usr/local/Cellar/cmake/3.5.2/share/cmake/Modules/CMakeCCompilerABI.c]
  ignore line: [Linking C executable cmTC_169d4]
  ignore line: [/usr/local/Cellar/cmake/3.5.2/bin/cmake -E cmake_link_script CMakeFiles/cmTC_169d4.dir/link.txt --verbose=1]
  ignore line: [/Applications/Xcode.app/Contents/Developer/Toolchains/XcodeDefault.xctoolchain/usr/bin/cc    -Wl,-search_paths_first -Wl,-headerpad_max_install_names  -v -Wl,-v CMakeFiles/cmTC_169d4.dir/CMakeCCompilerABI.c.o  -o cmTC_169d4   ]
  ignore line: [Apple LLVM version 8.0.0 (clang-800.0.38)]
  ignore line: [Target: x86_64-apple-darwin16.7.0]
  ignore line: [Thread model: posix]
  ignore line: [InstalledDir: /Applications/Xcode.app/Contents/Developer/Toolchains/XcodeDefault.xctoolchain/usr/bin]
  link line: [ "/Applications/Xcode.app/Contents/Developer/Toolchains/XcodeDefault.xctoolchain/usr/bin/ld" -demangle -dynamic -arch x86_64 -macosx_version_min 10.12.0 -o cmTC_169d4 -search_paths_first -headerpad_max_install_names -v CMakeFiles/cmTC_169d4.dir/CMakeCCompilerABI.c.o -lSystem /Applications/Xcode.app/Contents/Developer/Toolchains/XcodeDefault.xctoolchain/usr/bin/../lib/clang/8.0.0/lib/darwin/libclang_rt.osx.a]
    arg [/Applications/Xcode.app/Contents/Developer/Toolchains/XcodeDefault.xctoolchain/usr/bin/ld] ==> ignore
    arg [-demangle] ==> ignore
    arg [-dynamic] ==> ignore
    arg [-arch] ==> ignore
    arg [x86_64] ==> ignore
    arg [-macosx_version_min] ==> ignore
    arg [10.12.0] ==> ignore
    arg [-o] ==> ignore
    arg [cmTC_169d4] ==> ignore
    arg [-search_paths_first] ==> ignore
    arg [-headerpad_max_install_names] ==> ignore
    arg [-v] ==> ignore
    arg [CMakeFiles/cmTC_169d4.dir/CMakeCCompilerABI.c.o] ==> ignore
    arg [-lSystem] ==> lib [System]
    arg [/Applications/Xcode.app/Contents/Developer/Toolchains/XcodeDefault.xctoolchain/usr/bin/../lib/clang/8.0.0/lib/darwin/libclang_rt.osx.a] ==> lib [/Applications/Xcode.app/Contents/Developer/Toolchains/XcodeDefault.xctoolchain/usr/bin/../lib/clang/8.0.0/lib/darwin/libclang_rt.osx.a]
  Library search paths: [;/usr/lib;/usr/local/lib]
  Framework search paths: [;/Library/Frameworks/;/System/Library/Frameworks/]
  remove lib [System]
  collapse lib [/Applications/Xcode.app/Contents/Developer/Toolchains/XcodeDefault.xctoolchain/usr/bin/../lib/clang/8.0.0/lib/darwin/libclang_rt.osx.a] ==> [/Applications/Xcode.app/Contents/Developer/Toolchains/XcodeDefault.xctoolchain/usr/lib/clang/8.0.0/lib/darwin/libclang_rt.osx.a]
  collapse library dir [/usr/lib] ==> [/usr/lib]
  collapse library dir [/usr/local/lib] ==> [/usr/local/lib]
  collapse framework dir [/Library/Frameworks/] ==> [/Library/Frameworks]
  collapse framework dir [/System/Library/Frameworks/] ==> [/System/Library/Frameworks]
  implicit libs: [/Applications/Xcode.app/Contents/Developer/Toolchains/XcodeDefault.xctoolchain/usr/lib/clang/8.0.0/lib/darwin/libclang_rt.osx.a]
  implicit dirs: [/usr/lib;/usr/local/lib]
  implicit fwks: [/Library/Frameworks;/System/Library/Frameworks]




Detecting C [-std=c11] compiler features compiled with the following output:
Change Dir: /Users/rossknapman/Documents/Employment/SummerPlacements/Summer2018/SkyrmionsInternship/FieldSimulation/MuDip/build/temp.macosx-10.12-x86_64-3.4/CMakeFiles/CMakeTmp

Run Build Command:"/opt/local/bin/gmake" "cmTC_e8c4a/fast"
/opt/local/bin/gmake -f CMakeFiles/cmTC_e8c4a.dir/build.make CMakeFiles/cmTC_e8c4a.dir/build
gmake[1]: Entering directory '/Users/rossknapman/Documents/Employment/SummerPlacements/Summer2018/SkyrmionsInternship/FieldSimulation/MuDip/build/temp.macosx-10.12-x86_64-3.4/CMakeFiles/CMakeTmp'
Building C object CMakeFiles/cmTC_e8c4a.dir/feature_tests.c.o
/Applications/Xcode.app/Contents/Developer/Toolchains/XcodeDefault.xctoolchain/usr/bin/cc    -std=c11 -o CMakeFiles/cmTC_e8c4a.dir/feature_tests.c.o   -c /Users/rossknapman/Documents/Employment/SummerPlacements/Summer2018/SkyrmionsInternship/FieldSimulation/MuDip/build/temp.macosx-10.12-x86_64-3.4/CMakeFiles/feature_tests.c
Linking C executable cmTC_e8c4a
/usr/local/Cellar/cmake/3.5.2/bin/cmake -E cmake_link_script CMakeFiles/cmTC_e8c4a.dir/link.txt --verbose=1
/Applications/Xcode.app/Contents/Developer/Toolchains/XcodeDefault.xctoolchain/usr/bin/cc    -Wl,-search_paths_first -Wl,-headerpad_max_install_names   CMakeFiles/cmTC_e8c4a.dir/feature_tests.c.o  -o cmTC_e8c4a  
gmake[1]: Leaving directory '/Users/rossknapman/Documents/Employment/SummerPlacements/Summer2018/SkyrmionsInternship/FieldSimulation/MuDip/build/temp.macosx-10.12-x86_64-3.4/CMakeFiles/CMakeTmp'


    Feature record: C_FEATURE:1c_function_prototypes
    Feature record: C_FEATURE:1c_restrict
    Feature record: C_FEATURE:1c_static_assert
    Feature record: C_FEATURE:1c_variadic_macros


Detecting C [-std=c99] compiler features compiled with the following output:
Change Dir: /Users/rossknapman/Documents/Employment/SummerPlacements/Summer2018/SkyrmionsInternship/FieldSimulation/MuDip/build/temp.macosx-10.12-x86_64-3.4/CMakeFiles/CMakeTmp

Run Build Command:"/opt/local/bin/gmake" "cmTC_d5175/fast"
/opt/local/bin/gmake -f CMakeFiles/cmTC_d5175.dir/build.make CMakeFiles/cmTC_d5175.dir/build
gmake[1]: Entering directory '/Users/rossknapman/Documents/Employment/SummerPlacements/Summer2018/SkyrmionsInternship/FieldSimulation/MuDip/build/temp.macosx-10.12-x86_64-3.4/CMakeFiles/CMakeTmp'
Building C object CMakeFiles/cmTC_d5175.dir/feature_tests.c.o
/Applications/Xcode.app/Contents/Developer/Toolchains/XcodeDefault.xctoolchain/usr/bin/cc    -std=c99 -o CMakeFiles/cmTC_d5175.dir/feature_tests.c.o   -c /Users/rossknapman/Documents/Employment/SummerPlacements/Summer2018/SkyrmionsInternship/FieldSimulation/MuDip/build/temp.macosx-10.12-x86_64-3.4/CMakeFiles/feature_tests.c
Linking C executable cmTC_d5175
/usr/local/Cellar/cmake/3.5.2/bin/cmake -E cmake_link_script CMakeFiles/cmTC_d5175.dir/link.txt --verbose=1
/Applications/Xcode.app/Contents/Developer/Toolchains/XcodeDefault.xctoolchain/usr/bin/cc    -Wl,-search_paths_first -Wl,-headerpad_max_install_names   CMakeFiles/cmTC_d5175.dir/feature_tests.c.o  -o cmTC_d5175  
gmake[1]: Leaving directory '/Users/rossknapman/Documents/Employment/SummerPlacements/Summer2018/SkyrmionsInternship/FieldSimulation/MuDip/build/temp.macosx-10.12-x86_64-3.4/CMakeFiles/CMakeTmp'


    Feature record: C_FEATURE:1c_function_prototypes
    Feature record: C_FEATURE:1c_restrict
    Feature record: C_FEATURE:0c_static_assert
    Feature record: C_FEATURE:1c_variadic_macros


Detecting C [-std=c90] compiler features compiled with the following output:
Change Dir: /Users/rossknapman/Documents/Employment/SummerPlacements/Summer2018/SkyrmionsInternship/FieldSimulation/MuDip/build/temp.macosx-10.12-x86_64-3.4/CMakeFiles/CMakeTmp

Run Build Command:"/opt/local/bin/gmake" "cmTC_b333a/fast"
/opt/local/bin/gmake -f CMakeFiles/cmTC_b333a.dir/build.make CMakeFiles/cmTC_b333a.dir/build
gmake[1]: Entering directory '/Users/rossknapman/Documents/Employment/SummerPlacements/Summer2018/SkyrmionsInternship/FieldSimulation/MuDip/build/temp.macosx-10.12-x86_64-3.4/CMakeFiles/CMakeTmp'
Building C object CMakeFiles/cmTC_b333a.dir/feature_tests.c.o
/Applications/Xcode.app/Contents/Developer/Toolchains/XcodeDefault.xctoolchain/usr/bin/cc    -std=c90 -o CMakeFiles/cmTC_b333a.dir/feature_tests.c.o   -c /Users/rossknapman/Documents/Employment/SummerPlacements/Summer2018/SkyrmionsInternship/FieldSimulation/MuDip/build/temp.macosx-10.12-x86_64-3.4/CMakeFiles/feature_tests.c
Linking C executable cmTC_b333a
/usr/local/Cellar/cmake/3.5.2/bin/cmake -E cmake_link_script CMakeFiles/cmTC_b333a.dir/link.txt --verbose=1
/Applications/Xcode.app/Contents/Developer/Toolchains/XcodeDefault.xctoolchain/usr/bin/cc    -Wl,-search_paths_first -Wl,-headerpad_max_install_names   CMakeFiles/cmTC_b333a.dir/feature_tests.c.o  -o cmTC_b333a  
gmake[1]: Leaving directory '/Users/rossknapman/Documents/Employment/SummerPlacements/Summer2018/SkyrmionsInternship/FieldSimulation/MuDip/build/temp.macosx-10.12-x86_64-3.4/CMakeFiles/CMakeTmp'


    Feature record: C_FEATURE:1c_function_prototypes
    Feature record: C_FEATURE:0c_restrict
    Feature record: C_FEATURE:0c_static_assert
    Feature record: C_FEATURE:0c_variadic_macros
Determining if the CXX compiler works passed with the following output:
Change Dir: /Users/rossknapman/Documents/Employment/SummerPlacements/Summer2018/SkyrmionsInternship/FieldSimulation/MuDip/build/temp.macosx-10.12-x86_64-3.4/CMakeFiles/CMakeTmp

Run Build Command:"/opt/local/bin/gmake" "cmTC_f954a/fast"
/opt/local/bin/gmake -f CMakeFiles/cmTC_f954a.dir/build.make CMakeFiles/cmTC_f954a.dir/build
gmake[1]: Entering directory '/Users/rossknapman/Documents/Employment/SummerPlacements/Summer2018/SkyrmionsInternship/FieldSimulation/MuDip/build/temp.macosx-10.12-x86_64-3.4/CMakeFiles/CMakeTmp'
Building CXX object CMakeFiles/cmTC_f954a.dir/testCXXCompiler.cxx.o
/Applications/Xcode.app/Contents/Developer/Toolchains/XcodeDefault.xctoolchain/usr/bin/c++     -DVERSION_INFO=\"0.0.0\"     -o CMakeFiles/cmTC_f954a.dir/testCXXCompiler.cxx.o -c /Users/rossknapman/Documents/Employment/SummerPlacements/Summer2018/SkyrmionsInternship/FieldSimulation/MuDip/build/temp.macosx-10.12-x86_64-3.4/CMakeFiles/CMakeTmp/testCXXCompiler.cxx
Linking CXX executable cmTC_f954a
/usr/local/Cellar/cmake/3.5.2/bin/cmake -E cmake_link_script CMakeFiles/cmTC_f954a.dir/link.txt --verbose=1
/Applications/Xcode.app/Contents/Developer/Toolchains/XcodeDefault.xctoolchain/usr/bin/c++    -DVERSION_INFO=\"0.0.0\"   -Wl,-search_paths_first -Wl,-headerpad_max_install_names   CMakeFiles/cmTC_f954a.dir/testCXXCompiler.cxx.o  -o cmTC_f954a  
gmake[1]: Leaving directory '/Users/rossknapman/Documents/Employment/SummerPlacements/Summer2018/SkyrmionsInternship/FieldSimulation/MuDip/build/temp.macosx-10.12-x86_64-3.4/CMakeFiles/CMakeTmp'


Detecting CXX compiler ABI info compiled with the following output:
Change Dir: /Users/rossknapman/Documents/Employment/SummerPlacements/Summer2018/SkyrmionsInternship/FieldSimulation/MuDip/build/temp.macosx-10.12-x86_64-3.4/CMakeFiles/CMakeTmp

Run Build Command:"/opt/local/bin/gmake" "cmTC_8772b/fast"
/opt/local/bin/gmake -f CMakeFiles/cmTC_8772b.dir/build.make CMakeFiles/cmTC_8772b.dir/build
gmake[1]: Entering directory '/Users/rossknapman/Documents/Employment/SummerPlacements/Summer2018/SkyrmionsInternship/FieldSimulation/MuDip/build/temp.macosx-10.12-x86_64-3.4/CMakeFiles/CMakeTmp'
Building CXX object CMakeFiles/cmTC_8772b.dir/CMakeCXXCompilerABI.cpp.o
/Applications/Xcode.app/Contents/Developer/Toolchains/XcodeDefault.xctoolchain/usr/bin/c++     -DVERSION_INFO=\"0.0.0\"     -o CMakeFiles/cmTC_8772b.dir/CMakeCXXCompilerABI.cpp.o -c /usr/local/Cellar/cmake/3.5.2/share/cmake/Modules/CMakeCXXCompilerABI.cpp
Linking CXX executable cmTC_8772b
/usr/local/Cellar/cmake/3.5.2/bin/cmake -E cmake_link_script CMakeFiles/cmTC_8772b.dir/link.txt --verbose=1
/Applications/Xcode.app/Contents/Developer/Toolchains/XcodeDefault.xctoolchain/usr/bin/c++    -DVERSION_INFO=\"0.0.0\"   -Wl,-search_paths_first -Wl,-headerpad_max_install_names  -v -Wl,-v CMakeFiles/cmTC_8772b.dir/CMakeCXXCompilerABI.cpp.o  -o cmTC_8772b   
Apple LLVM version 8.0.0 (clang-800.0.38)
Target: x86_64-apple-darwin16.7.0
Thread model: posix
InstalledDir: /Applications/Xcode.app/Contents/Developer/Toolchains/XcodeDefault.xctoolchain/usr/bin
 "/Applications/Xcode.app/Contents/Developer/Toolchains/XcodeDefault.xctoolchain/usr/bin/ld" -demangle -dynamic -arch x86_64 -macosx_version_min 10.12.0 -o cmTC_8772b -search_paths_first -headerpad_max_install_names -v CMakeFiles/cmTC_8772b.dir/CMakeCXXCompilerABI.cpp.o -lc++ -lSystem /Applications/Xcode.app/Contents/Developer/Toolchains/XcodeDefault.xctoolchain/usr/bin/../lib/clang/8.0.0/lib/darwin/libclang_rt.osx.a
@(#)PROGRAM:ld  PROJECT:ld64-274.1
configured to support archs: armv6 armv7 armv7s arm64 i386 x86_64 x86_64h armv6m armv7k armv7m armv7em (tvOS)
Library search paths:
	/usr/lib
	/usr/local/lib
Framework search paths:
	/Library/Frameworks/
	/System/Library/Frameworks/
gmake[1]: Leaving directory '/Users/rossknapman/Documents/Employment/SummerPlacements/Summer2018/SkyrmionsInternship/FieldSimulation/MuDip/build/temp.macosx-10.12-x86_64-3.4/CMakeFiles/CMakeTmp'


Parsed CXX implicit link information from above output:
  link line regex: [^( *|.*[/\])(ld|([^/\]+-)?ld|collect2)[^/\]*( |$)]
  ignore line: [Change Dir: /Users/rossknapman/Documents/Employment/SummerPlacements/Summer2018/SkyrmionsInternship/FieldSimulation/MuDip/build/temp.macosx-10.12-x86_64-3.4/CMakeFiles/CMakeTmp]
  ignore line: []
  ignore line: [Run Build Command:"/opt/local/bin/gmake" "cmTC_8772b/fast"]
  ignore line: [/opt/local/bin/gmake -f CMakeFiles/cmTC_8772b.dir/build.make CMakeFiles/cmTC_8772b.dir/build]
  ignore line: [gmake[1]: Entering directory '/Users/rossknapman/Documents/Employment/SummerPlacements/Summer2018/SkyrmionsInternship/FieldSimulation/MuDip/build/temp.macosx-10.12-x86_64-3.4/CMakeFiles/CMakeTmp']
  ignore line: [Building CXX object CMakeFiles/cmTC_8772b.dir/CMakeCXXCompilerABI.cpp.o]
  ignore line: [/Applications/Xcode.app/Contents/Developer/Toolchains/XcodeDefault.xctoolchain/usr/bin/c++     -DVERSION_INFO=\"0.0.0\"     -o CMakeFiles/cmTC_8772b.dir/CMakeCXXCompilerABI.cpp.o -c /usr/local/Cellar/cmake/3.5.2/share/cmake/Modules/CMakeCXXCompilerABI.cpp]
  ignore line: [Linking CXX executable cmTC_8772b]
  ignore line: [/usr/local/Cellar/cmake/3.5.2/bin/cmake -E cmake_link_script CMakeFiles/cmTC_8772b.dir/link.txt --verbose=1]
  ignore line: [/Applications/Xcode.app/Contents/Developer/Toolchains/XcodeDefault.xctoolchain/usr/bin/c++    -DVERSION_INFO=\"0.0.0\"   -Wl,-search_paths_first -Wl,-headerpad_max_install_names  -v -Wl,-v CMakeFiles/cmTC_8772b.dir/CMakeCXXCompilerABI.cpp.o  -o cmTC_8772b   ]
  ignore line: [Apple LLVM version 8.0.0 (clang-800.0.38)]
  ignore line: [Target: x86_64-apple-darwin16.7.0]
  ignore line: [Thread model: posix]
  ignore line: [InstalledDir: /Applications/Xcode.app/Contents/Developer/Toolchains/XcodeDefault.xctoolchain/usr/bin]
  link line: [ "/Applications/Xcode.app/Contents/Developer/Toolchains/XcodeDefault.xctoolchain/usr/bin/ld" -demangle -dynamic -arch x86_64 -macosx_version_min 10.12.0 -o cmTC_8772b -search_paths_first -headerpad_max_install_names -v CMakeFiles/cmTC_8772b.dir/CMakeCXXCompilerABI.cpp.o -lc++ -lSystem /Applications/Xcode.app/Contents/Developer/Toolchains/XcodeDefault.xctoolchain/usr/bin/../lib/clang/8.0.0/lib/darwin/libclang_rt.osx.a]
    arg [/Applications/Xcode.app/Contents/Developer/Toolchains/XcodeDefault.xctoolchain/usr/bin/ld] ==> ignore
    arg [-demangle] ==> ignore
    arg [-dynamic] ==> ignore
    arg [-arch] ==> ignore
    arg [x86_64] ==> ignore
    arg [-macosx_version_min] ==> ignore
    arg [10.12.0] ==> ignore
    arg [-o] ==> ignore
    arg [cmTC_8772b] ==> ignore
    arg [-search_paths_first] ==> ignore
    arg [-headerpad_max_install_names] ==> ignore
    arg [-v] ==> ignore
    arg [CMakeFiles/cmTC_8772b.dir/CMakeCXXCompilerABI.cpp.o] ==> ignore
    arg [-lc++] ==> lib [c++]
    arg [-lSystem] ==> lib [System]
    arg [/Applications/Xcode.app/Contents/Developer/Toolchains/XcodeDefault.xctoolchain/usr/bin/../lib/clang/8.0.0/lib/darwin/libclang_rt.osx.a] ==> lib [/Applications/Xcode.app/Contents/Developer/Toolchains/XcodeDefault.xctoolchain/usr/bin/../lib/clang/8.0.0/lib/darwin/libclang_rt.osx.a]
  Library search paths: [;/usr/lib;/usr/local/lib]
  Framework search paths: [;/Library/Frameworks/;/System/Library/Frameworks/]
  remove lib [System]
  collapse lib [/Applications/Xcode.app/Contents/Developer/Toolchains/XcodeDefault.xctoolchain/usr/bin/../lib/clang/8.0.0/lib/darwin/libclang_rt.osx.a] ==> [/Applications/Xcode.app/Contents/Developer/Toolchains/XcodeDefault.xctoolchain/usr/lib/clang/8.0.0/lib/darwin/libclang_rt.osx.a]
  collapse library dir [/usr/lib] ==> [/usr/lib]
  collapse library dir [/usr/local/lib] ==> [/usr/local/lib]
  collapse framework dir [/Library/Frameworks/] ==> [/Library/Frameworks]
  collapse framework dir [/System/Library/Frameworks/] ==> [/System/Library/Frameworks]
  implicit libs: [c++;/Applications/Xcode.app/Contents/Developer/Toolchains/XcodeDefault.xctoolchain/usr/lib/clang/8.0.0/lib/darwin/libclang_rt.osx.a]
  implicit dirs: [/usr/lib;/usr/local/lib]
  implicit fwks: [/Library/Frameworks;/System/Library/Frameworks]




Detecting CXX [-std=c++14] compiler features compiled with the following output:
Change Dir: /Users/rossknapman/Documents/Employment/SummerPlacements/Summer2018/SkyrmionsInternship/FieldSimulation/MuDip/build/temp.macosx-10.12-x86_64-3.4/CMakeFiles/CMakeTmp

Run Build Command:"/opt/local/bin/gmake" "cmTC_1d8d2/fast"
/opt/local/bin/gmake -f CMakeFiles/cmTC_1d8d2.dir/build.make CMakeFiles/cmTC_1d8d2.dir/build
gmake[1]: Entering directory '/Users/rossknapman/Documents/Employment/SummerPlacements/Summer2018/SkyrmionsInternship/FieldSimulation/MuDip/build/temp.macosx-10.12-x86_64-3.4/CMakeFiles/CMakeTmp'
Building CXX object CMakeFiles/cmTC_1d8d2.dir/feature_tests.cxx.o
/Applications/Xcode.app/Contents/Developer/Toolchains/XcodeDefault.xctoolchain/usr/bin/c++     -DVERSION_INFO=\"0.0.0\"     -std=c++14 -o CMakeFiles/cmTC_1d8d2.dir/feature_tests.cxx.o -c /Users/rossknapman/Documents/Employment/SummerPlacements/Summer2018/SkyrmionsInternship/FieldSimulation/MuDip/build/temp.macosx-10.12-x86_64-3.4/CMakeFiles/feature_tests.cxx
Linking CXX executable cmTC_1d8d2
/usr/local/Cellar/cmake/3.5.2/bin/cmake -E cmake_link_script CMakeFiles/cmTC_1d8d2.dir/link.txt --verbose=1
/Applications/Xcode.app/Contents/Developer/Toolchains/XcodeDefault.xctoolchain/usr/bin/c++    -DVERSION_INFO=\"0.0.0\"   -Wl,-search_paths_first -Wl,-headerpad_max_install_names   CMakeFiles/cmTC_1d8d2.dir/feature_tests.cxx.o  -o cmTC_1d8d2  
gmake[1]: Leaving directory '/Users/rossknapman/Documents/Employment/SummerPlacements/Summer2018/SkyrmionsInternship/FieldSimulation/MuDip/build/temp.macosx-10.12-x86_64-3.4/CMakeFiles/CMakeTmp'


    Feature record: CXX_FEATURE:1cxx_aggregate_default_initializers
    Feature record: CXX_FEATURE:1cxx_alias_templates
    Feature record: CXX_FEATURE:1cxx_alignas
    Feature record: CXX_FEATURE:1cxx_alignof
    Feature record: CXX_FEATURE:1cxx_attributes
    Feature record: CXX_FEATURE:1cxx_attribute_deprecated
    Feature record: CXX_FEATURE:1cxx_auto_type
    Feature record: CXX_FEATURE:1cxx_binary_literals
    Feature record: CXX_FEATURE:1cxx_constexpr
    Feature record: CXX_FEATURE:1cxx_contextual_conversions
    Feature record: CXX_FEATURE:1cxx_decltype
    Feature record: CXX_FEATURE:1cxx_decltype_auto
    Feature record: CXX_FEATURE:1cxx_decltype_incomplete_return_types
    Feature record: CXX_FEATURE:1cxx_default_function_template_args
    Feature record: CXX_FEATURE:1cxx_defaulted_functions
    Feature record: CXX_FEATURE:1cxx_defaulted_move_initializers
    Feature record: CXX_FEATURE:1cxx_delegating_constructors
    Feature record: CXX_FEATURE:1cxx_deleted_functions
    Feature record: CXX_FEATURE:1cxx_digit_separators
    Feature record: CXX_FEATURE:1cxx_enum_forward_declarations
    Feature record: CXX_FEATURE:1cxx_explicit_conversions
    Feature record: CXX_FEATURE:1cxx_extended_friend_declarations
    Feature record: CXX_FEATURE:1cxx_extern_templates
    Feature record: CXX_FEATURE:1cxx_final
    Feature record: CXX_FEATURE:1cxx_func_identifier
    Feature record: CXX_FEATURE:1cxx_generalized_initializers
    Feature record: CXX_FEATURE:1cxx_generic_lambdas
    Feature record: CXX_FEATURE:1cxx_inheriting_constructors
    Feature record: CXX_FEATURE:1cxx_inline_namespaces
    Feature record: CXX_FEATURE:1cxx_lambdas
    Feature record: CXX_FEATURE:1cxx_lambda_init_captures
    Feature record: CXX_FEATURE:1cxx_local_type_template_args
    Feature record: CXX_FEATURE:1cxx_long_long_type
    Feature record: CXX_FEATURE:1cxx_noexcept
    Feature record: CXX_FEATURE:1cxx_nonstatic_member_init
    Feature record: CXX_FEATURE:1cxx_nullptr
    Feature record: CXX_FEATURE:1cxx_override
    Feature record: CXX_FEATURE:1cxx_range_for
    Feature record: CXX_FEATURE:1cxx_raw_string_literals
    Feature record: CXX_FEATURE:1cxx_reference_qualified_functions
    Feature record: CXX_FEATURE:1cxx_relaxed_constexpr
    Feature record: CXX_FEATURE:1cxx_return_type_deduction
    Feature record: CXX_FEATURE:1cxx_right_angle_brackets
    Feature record: CXX_FEATURE:1cxx_rvalue_references
    Feature record: CXX_FEATURE:1cxx_sizeof_member
    Feature record: CXX_FEATURE:1cxx_static_assert
    Feature record: CXX_FEATURE:1cxx_strong_enums
    Feature record: CXX_FEATURE:1cxx_template_template_parameters
    Feature record: CXX_FEATURE:1cxx_thread_local
    Feature record: CXX_FEATURE:1cxx_trailing_return_types
    Feature record: CXX_FEATURE:1cxx_unicode_literals
    Feature record: CXX_FEATURE:1cxx_uniform_initialization
    Feature record: CXX_FEATURE:1cxx_unrestricted_unions
    Feature record: CXX_FEATURE:1cxx_user_literals
    Feature record: CXX_FEATURE:1cxx_variable_templates
    Feature record: CXX_FEATURE:1cxx_variadic_macros
    Feature record: CXX_FEATURE:1cxx_variadic_templates


Detecting CXX [-std=c++11] compiler features compiled with the following output:
Change Dir: /Users/rossknapman/Documents/Employment/SummerPlacements/Summer2018/SkyrmionsInternship/FieldSimulation/MuDip/build/temp.macosx-10.12-x86_64-3.4/CMakeFiles/CMakeTmp

Run Build Command:"/opt/local/bin/gmake" "cmTC_9f67f/fast"
/opt/local/bin/gmake -f CMakeFiles/cmTC_9f67f.dir/build.make CMakeFiles/cmTC_9f67f.dir/build
gmake[1]: Entering directory '/Users/rossknapman/Documents/Employment/SummerPlacements/Summer2018/SkyrmionsInternship/FieldSimulation/MuDip/build/temp.macosx-10.12-x86_64-3.4/CMakeFiles/CMakeTmp'
Building CXX object CMakeFiles/cmTC_9f67f.dir/feature_tests.cxx.o
/Applications/Xcode.app/Contents/Developer/Toolchains/XcodeDefault.xctoolchain/usr/bin/c++     -DVERSION_INFO=\"0.0.0\"     -std=c++11 -o CMakeFiles/cmTC_9f67f.dir/feature_tests.cxx.o -c /Users/rossknapman/Documents/Employment/SummerPlacements/Summer2018/SkyrmionsInternship/FieldSimulation/MuDip/build/temp.macosx-10.12-x86_64-3.4/CMakeFiles/feature_tests.cxx
Linking CXX executable cmTC_9f67f
/usr/local/Cellar/cmake/3.5.2/bin/cmake -E cmake_link_script CMakeFiles/cmTC_9f67f.dir/link.txt --verbose=1
/Applications/Xcode.app/Contents/Developer/Toolchains/XcodeDefault.xctoolchain/usr/bin/c++    -DVERSION_INFO=\"0.0.0\"   -Wl,-search_paths_first -Wl,-headerpad_max_install_names   CMakeFiles/cmTC_9f67f.dir/feature_tests.cxx.o  -o cmTC_9f67f  
gmake[1]: Leaving directory '/Users/rossknapman/Documents/Employment/SummerPlacements/Summer2018/SkyrmionsInternship/FieldSimulation/MuDip/build/temp.macosx-10.12-x86_64-3.4/CMakeFiles/CMakeTmp'


    Feature record: CXX_FEATURE:0cxx_aggregate_default_initializers
    Feature record: CXX_FEATURE:1cxx_alias_templates
    Feature record: CXX_FEATURE:1cxx_alignas
    Feature record: CXX_FEATURE:1cxx_alignof
    Feature record: CXX_FEATURE:1cxx_attributes
    Feature record: CXX_FEATURE:0cxx_attribute_deprecated
    Feature record: CXX_FEATURE:1cxx_auto_type
    Feature record: CXX_FEATURE:0cxx_binary_literals
    Feature record: CXX_FEATURE:1cxx_constexpr
    Feature record: CXX_FEATURE:0cxx_contextual_conversions
    Feature record: CXX_FEATURE:1cxx_decltype
    Feature record: CXX_FEATURE:0cxx_decltype_auto
    Feature record: CXX_FEATURE:1cxx_decltype_incomplete_return_types
    Feature record: CXX_FEATURE:1cxx_default_function_template_args
    Feature record: CXX_FEATURE:1cxx_defaulted_functions
    Feature record: CXX_FEATURE:1cxx_defaulted_move_initializers
    Feature record: CXX_FEATURE:1cxx_delegating_constructors
    Feature record: CXX_FEATURE:1cxx_deleted_functions
    Feature record: CXX_FEATURE:0cxx_digit_separators
    Feature record: CXX_FEATURE:1cxx_enum_forward_declarations
    Feature record: CXX_FEATURE:1cxx_explicit_conversions
    Feature record: CXX_FEATURE:1cxx_extended_friend_declarations
    Feature record: CXX_FEATURE:1cxx_extern_templates
    Feature record: CXX_FEATURE:1cxx_final
    Feature record: CXX_FEATURE:1cxx_func_identifier
    Feature record: CXX_FEATURE:1cxx_generalized_initializers
    Feature record: CXX_FEATURE:0cxx_generic_lambdas
    Feature record: CXX_FEATURE:1cxx_inheriting_constructors
    Feature record: CXX_FEATURE:1cxx_inline_namespaces
    Feature record: CXX_FEATURE:1cxx_lambdas
    Feature record: CXX_FEATURE:0cxx_lambda_init_captures
    Feature record: CXX_FEATURE:1cxx_local_type_template_args
    Feature record: CXX_FEATURE:1cxx_long_long_type
    Feature record: CXX_FEATURE:1cxx_noexcept
    Feature record: CXX_FEATURE:1cxx_nonstatic_member_init
    Feature record: CXX_FEATURE:1cxx_nullptr
    Feature record: CXX_FEATURE:1cxx_override
    Feature record: CXX_FEATURE:1cxx_range_for
    Feature record: CXX_FEATURE:1cxx_raw_string_literals
    Feature record: CXX_FEATURE:1cxx_reference_qualified_functions
    Feature record: CXX_FEATURE:0cxx_relaxed_constexpr
    Feature record: CXX_FEATURE:0cxx_return_type_deduction
    Feature record: CXX_FEATURE:1cxx_right_angle_brackets
    Feature record: CXX_FEATURE:1cxx_rvalue_references
    Feature record: CXX_FEATURE:1cxx_sizeof_member
    Feature record: CXX_FEATURE:1cxx_static_assert
    Feature record: CXX_FEATURE:1cxx_strong_enums
    Feature record: CXX_FEATURE:1cxx_template_template_parameters
    Feature record: CXX_FEATURE:1cxx_thread_local
    Feature record: CXX_FEATURE:1cxx_trailing_return_types
    Feature record: CXX_FEATURE:1cxx_unicode_literals
    Feature record: CXX_FEATURE:1cxx_uniform_initialization
    Feature record: CXX_FEATURE:1cxx_unrestricted_unions
    Feature record: CXX_FEATURE:1cxx_user_literals
    Feature record: CXX_FEATURE:0cxx_variable_templates
    Feature record: CXX_FEATURE:1cxx_variadic_macros
    Feature record: CXX_FEATURE:1cxx_variadic_templates


Detecting CXX [-std=c++98] compiler features compiled with the following output:
Change Dir: /Users/rossknapman/Documents/Employment/SummerPlacements/Summer2018/SkyrmionsInternship/FieldSimulation/MuDip/build/temp.macosx-10.12-x86_64-3.4/CMakeFiles/CMakeTmp

Run Build Command:"/opt/local/bin/gmake" "cmTC_8dca7/fast"
/opt/local/bin/gmake -f CMakeFiles/cmTC_8dca7.dir/build.make CMakeFiles/cmTC_8dca7.dir/build
gmake[1]: Entering directory '/Users/rossknapman/Documents/Employment/SummerPlacements/Summer2018/SkyrmionsInternship/FieldSimulation/MuDip/build/temp.macosx-10.12-x86_64-3.4/CMakeFiles/CMakeTmp'
Building CXX object CMakeFiles/cmTC_8dca7.dir/feature_tests.cxx.o
/Applications/Xcode.app/Contents/Developer/Toolchains/XcodeDefault.xctoolchain/usr/bin/c++     -DVERSION_INFO=\"0.0.0\"     -std=c++98 -o CMakeFiles/cmTC_8dca7.dir/feature_tests.cxx.o -c /Users/rossknapman/Documents/Employment/SummerPlacements/Summer2018/SkyrmionsInternship/FieldSimulation/MuDip/build/temp.macosx-10.12-x86_64-3.4/CMakeFiles/feature_tests.cxx
Linking CXX executable cmTC_8dca7
/usr/local/Cellar/cmake/3.5.2/bin/cmake -E cmake_link_script CMakeFiles/cmTC_8dca7.dir/link.txt --verbose=1
/Applications/Xcode.app/Contents/Developer/Toolchains/XcodeDefault.xctoolchain/usr/bin/c++    -DVERSION_INFO=\"0.0.0\"   -Wl,-search_paths_first -Wl,-headerpad_max_install_names   CMakeFiles/cmTC_8dca7.dir/feature_tests.cxx.o  -o cmTC_8dca7  
gmake[1]: Leaving directory '/Users/rossknapman/Documents/Employment/SummerPlacements/Summer2018/SkyrmionsInternship/FieldSimulation/MuDip/build/temp.macosx-10.12-x86_64-3.4/CMakeFiles/CMakeTmp'


    Feature record: CXX_FEATURE:0cxx_aggregate_default_initializers
    Feature record: CXX_FEATURE:0cxx_alias_templates
    Feature record: CXX_FEATURE:0cxx_alignas
    Feature record: CXX_FEATURE:0cxx_alignof
    Feature record: CXX_FEATURE:0cxx_attributes
    Feature record: CXX_FEATURE:0cxx_attribute_deprecated
    Feature record: CXX_FEATURE:0cxx_auto_type
    Feature record: CXX_FEATURE:0cxx_binary_literals
    Feature record: CXX_FEATURE:0cxx_constexpr
    Feature record: CXX_FEATURE:0cxx_contextual_conversions
    Feature record: CXX_FEATURE:0cxx_decltype
    Feature record: CXX_FEATURE:0cxx_decltype_auto
    Feature record: CXX_FEATURE:0cxx_decltype_incomplete_return_types
    Feature record: CXX_FEATURE:0cxx_default_function_template_args
    Feature record: CXX_FEATURE:0cxx_defaulted_functions
    Feature record: CXX_FEATURE:0cxx_defaulted_move_initializers
    Feature record: CXX_FEATURE:0cxx_delegating_constructors
    Feature record: CXX_FEATURE:0cxx_deleted_functions
    Feature record: CXX_FEATURE:0cxx_digit_separators
    Feature record: CXX_FEATURE:0cxx_enum_forward_declarations
    Feature record: CXX_FEATURE:0cxx_explicit_conversions
    Feature record: CXX_FEATURE:0cxx_extended_friend_declarations
    Feature record: CXX_FEATURE:0cxx_extern_templates
    Feature record: CXX_FEATURE:0cxx_final
    Feature record: CXX_FEATURE:0cxx_func_identifier
    Feature record: CXX_FEATURE:0cxx_generalized_initializers
    Feature record: CXX_FEATURE:0cxx_generic_lambdas
    Feature record: CXX_FEATURE:0cxx_inheriting_constructors
    Feature record: CXX_FEATURE:0cxx_inline_namespaces
    Feature record: CXX_FEATURE:0cxx_lambdas
    Feature record: CXX_FEATURE:0cxx_lambda_init_captures
    Feature record: CXX_FEATURE:0cxx_local_type_template_args
    Feature record: CXX_FEATURE:0cxx_long_long_type
    Feature record: CXX_FEATURE:0cxx_noexcept
    Feature record: CXX_FEATURE:0cxx_nonstatic_member_init
    Feature record: CXX_FEATURE:0cxx_nullptr
    Feature record: CXX_FEATURE:0cxx_override
    Feature record: CXX_FEATURE:0cxx_range_for
    Feature record: CXX_FEATURE:0cxx_raw_string_literals
    Feature record: CXX_FEATURE:0cxx_reference_qualified_functions
    Feature record: CXX_FEATURE:0cxx_relaxed_constexpr
    Feature record: CXX_FEATURE:0cxx_return_type_deduction
    Feature record: CXX_FEATURE:0cxx_right_angle_brackets
    Feature record: CXX_FEATURE:0cxx_rvalue_references
    Feature record: CXX_FEATURE:0cxx_sizeof_member
    Feature record: CXX_FEATURE:0cxx_static_assert
    Feature record: CXX_FEATURE:0cxx_strong_enums
    Feature record: CXX_FEATURE:1cxx_template_template_parameters
    Feature record: CXX_FEATURE:0cxx_thread_local
    Feature record: CXX_FEATURE:0cxx_trailing_return_types
    Feature record: CXX_FEATURE:0cxx_unicode_literals
    Feature record: CXX_FEATURE:0cxx_uniform_initialization
    Feature record: CXX_FEATURE:0cxx_unrestricted_unions
    Feature record: CXX_FEATURE:0cxx_user_literals
    Feature record: CXX_FEATURE:0cxx_variable_templates
    Feature record: CXX_FEATURE:0cxx_variadic_macros
    Feature record: CXX_FEATURE:0cxx_variadic_templates
Performing C++ SOURCE FILE Test HAS_CPP14_FLAG succeeded with the following output:
Change Dir: /Users/rossknapman/Documents/Employment/SummerPlacements/Summer2018/SkyrmionsInternship/FieldSimulation/MuDip/build/temp.macosx-10.12-x86_64-3.4/CMakeFiles/CMakeTmp

Run Build Command:"/opt/local/bin/gmake" "cmTC_cf1e0/fast"
/opt/local/bin/gmake -f CMakeFiles/cmTC_cf1e0.dir/build.make CMakeFiles/cmTC_cf1e0.dir/build
gmake[1]: Entering directory '/Users/rossknapman/Documents/Employment/SummerPlacements/Summer2018/SkyrmionsInternship/FieldSimulation/MuDip/build/temp.macosx-10.12-x86_64-3.4/CMakeFiles/CMakeTmp'
Building CXX object CMakeFiles/cmTC_cf1e0.dir/src.cxx.o
/Applications/Xcode.app/Contents/Developer/Toolchains/XcodeDefault.xctoolchain/usr/bin/c++     -DVERSION_INFO=\"0.0.0\"  -DHAS_CPP14_FLAG   -std=c++14 -o CMakeFiles/cmTC_cf1e0.dir/src.cxx.o -c /Users/rossknapman/Documents/Employment/SummerPlacements/Summer2018/SkyrmionsInternship/FieldSimulation/MuDip/build/temp.macosx-10.12-x86_64-3.4/CMakeFiles/CMakeTmp/src.cxx
Linking CXX executable cmTC_cf1e0
/usr/local/Cellar/cmake/3.5.2/bin/cmake -E cmake_link_script CMakeFiles/cmTC_cf1e0.dir/link.txt --verbose=1
/Applications/Xcode.app/Contents/Developer/Toolchains/XcodeDefault.xctoolchain/usr/bin/c++    -DVERSION_INFO=\"0.0.0\"  -DHAS_CPP14_FLAG -Wl,-search_paths_first -Wl,-headerpad_max_install_names   CMakeFiles/cmTC_cf1e0.dir/src.cxx.o  -o cmTC_cf1e0  
gmake[1]: Leaving directory '/Users/rossknapman/Documents/Employment/SummerPlacements/Summer2018/SkyrmionsInternship/FieldSimulation/MuDip/build/temp.macosx-10.12-x86_64-3.4/CMakeFiles/CMakeTmp'

Source file was:
int main() { return 0; }
Performing C++ SOURCE FILE Test HAS_FLTO succeeded with the following output:
Change Dir: /Users/rossknapman/Documents/Employment/SummerPlacements/Summer2018/SkyrmionsInternship/FieldSimulation/MuDip/build/temp.macosx-10.12-x86_64-3.4/CMakeFiles/CMakeTmp

Run Build Command:"/opt/local/bin/gmake" "cmTC_9e41b/fast"
/opt/local/bin/gmake -f CMakeFiles/cmTC_9e41b.dir/build.make CMakeFiles/cmTC_9e41b.dir/build
gmake[1]: Entering directory '/Users/rossknapman/Documents/Employment/SummerPlacements/Summer2018/SkyrmionsInternship/FieldSimulation/MuDip/build/temp.macosx-10.12-x86_64-3.4/CMakeFiles/CMakeTmp'
Building CXX object CMakeFiles/cmTC_9e41b.dir/src.cxx.o
/Applications/Xcode.app/Contents/Developer/Toolchains/XcodeDefault.xctoolchain/usr/bin/c++     -DVERSION_INFO=\"0.0.0\"  -DHAS_FLTO   -flto -o CMakeFiles/cmTC_9e41b.dir/src.cxx.o -c /Users/rossknapman/Documents/Employment/SummerPlacements/Summer2018/SkyrmionsInternship/FieldSimulation/MuDip/build/temp.macosx-10.12-x86_64-3.4/CMakeFiles/CMakeTmp/src.cxx
Linking CXX executable cmTC_9e41b
/usr/local/Cellar/cmake/3.5.2/bin/cmake -E cmake_link_script CMakeFiles/cmTC_9e41b.dir/link.txt --verbose=1
/Applications/Xcode.app/Contents/Developer/Toolchains/XcodeDefault.xctoolchain/usr/bin/c++    -DVERSION_INFO=\"0.0.0\"  -DHAS_FLTO -Wl,-search_paths_first -Wl,-headerpad_max_install_names   CMakeFiles/cmTC_9e41b.dir/src.cxx.o  -o cmTC_9e41b  -flto 
gmake[1]: Leaving directory '/Users/rossknapman/Documents/Employment/SummerPlacements/Summer2018/SkyrmionsInternship/FieldSimulation/MuDip/build/temp.macosx-10.12-x86_64-3.4/CMakeFiles/CMakeTmp'

Source file was:
int main() { return 0; }
